<?xml version="1.0" encoding="UTF-8"?>
<!-- Generated by org.testng.reporters.JUnitReportReporter -->
<testsuite hostname="LSTKAG233807" failures="0" tests="5" name="app.tsd.TSD_CreateAccount" time="7.433" errors="0" timestamp="2022-06-24T08:17:38 CDT" skipped="0">
  <testcase classname="app.tsd.TSD_CreateAccount" name="createAnAccount" time="1.358"/>
  <system-out/>
  <testcase classname="app.tsd.TSD_CreateAccount" name="createAnAccount" time="1.622"/>
  <system-out/>
  <testcase classname="app.tsd.TSD_CreateAccount" name="createAnAccount" time="1.355"/>
  <system-out/>
  <testcase classname="app.tsd.TSD_CreateAccount" name="createAnAccount" time="1.578"/>
  <system-out/>
  <testcase classname="app.tsd.TSD_CreateAccount" name="createAnAccount" time="1.520"/>
  <system-out/>
</testsuite> <!-- app.tsd.TSD_CreateAccount -->
