<?xml version="1.0" encoding="UTF-8"?>
<!-- Generated by org.testng.reporters.JUnitReportReporter -->
<testsuite hostname="LSTKAG233807" failures="0" tests="1" name="app.tsd.TSD_CreateAccount" time="0.008" errors="0" timestamp="2022-06-23T21:05:51 CDT" skipped="0">
  <testcase classname="app.tsd.TSD_CreateAccount" name="logInUser" time="0.008"/>
  <system-out/>
</testsuite> <!-- app.tsd.TSD_CreateAccount -->
