<?xml version="1.0" encoding="UTF-8"?>
<!-- Generated by org.testng.reporters.JUnitReportReporter -->
<testsuite hostname="LSTKTR233805" failures="0" tests="5" name="app.tsd.TSD_Cart" time="29.788" errors="0" timestamp="2022-06-23T15:43:53 CDT" skipped="0">
  <testcase classname="app.tsd.TSD_Cart" name="addItemsToCart" time="14.194"/>
  <system-out/>
  <testcase classname="app.tsd.TSD_Cart" name="changeQuantityofCart" time="4.092"/>
  <system-out/>
  <testcase classname="app.tsd.TSD_Cart" name="createNewAccount" time="1.757"/>
  <system-out/>
  <testcase classname="app.tsd.TSD_Cart" name="fillAddress" time="4.182"/>
  <system-out/>
  <testcase classname="app.tsd.TSD_Cart" name="completeDelivery" time="5.563"/>
  <system-out/>
</testsuite> <!-- app.tsd.TSD_Cart -->
