<?xml version="1.0" encoding="UTF-8"?>
<!-- Generated by org.testng.reporters.JUnitReportReporter -->
<testsuite hostname="LSTKAG233807" failures="0" tests="1" name="app.tsd.TSD_Login" time="0.007" errors="0" timestamp="2022-06-23T20:57:59 CDT" skipped="0">
  <testcase classname="app.tsd.TSD_Login" name="logInUser" time="0.007"/>
  <system-out/>
</testsuite> <!-- app.tsd.TSD_Login -->
