<?xml version="1.0" encoding="UTF-8"?>
<!-- Generated by org.testng.reporters.JUnitReportReporter -->
<testsuite hostname="LSTKAG233807" failures="0" tests="5" name="app.tsd.TSD_ResetPassword" time="4.934" errors="0" timestamp="2022-06-24T09:18:47 CDT" skipped="0">
  <testcase classname="app.tsd.TSD_ResetPassword" name="logInUser" time="1.247"/>
  <system-out/>
  <testcase classname="app.tsd.TSD_ResetPassword" name="logInUser" time="0.878"/>
  <system-out/>
  <testcase classname="app.tsd.TSD_ResetPassword" name="logInUser" time="0.907"/>
  <system-out/>
  <testcase classname="app.tsd.TSD_ResetPassword" name="logInUser" time="0.921"/>
  <system-out/>
  <testcase classname="app.tsd.TSD_ResetPassword" name="logInUser" time="0.981"/>
  <system-out/>
</testsuite> <!-- app.tsd.TSD_ResetPassword -->
